# JRE version: Java(TM) SE Runtime Environment (13.0.2+8) (build 13.0.2+8)
# Java VM: Java HotSpot(TM) 64-Bit Server VM (13.0.2+8, mixed mode, sharing, tiered, compressed oops, serial gc, windows-amd64)
Heap:
 def new generation   total 211328K, used 9175K [0x00000006ffe00000, 0x000000070e340000, 0x0000000755400000)
  eden space 187904K,   3% used [0x00000006ffe00000, 0x00000007003ade30, 0x000000070b580000)
  from space 23424K,  14% used [0x000000070cc60000, 0x000000070cfa8008, 0x000000070e340000)
  to   space 23424K,   0% used [0x000000070b580000, 0x000000070b580000, 0x000000070cc60000)
 tenured generation   total 802692K, used 481615K [0x0000000755400000, 0x00000007863e1000, 0x0000000800000000)
   the space 802692K,  59% used [0x0000000755400000, 0x0000000772a53c90, 0x0000000772a53e00, 0x00000007863e1000)
 Metaspace       used 17384K, capacity 17906K, committed 18432K, reserved 1064960K
  class space    used 2019K, capacity 2186K, committed 2304K, reserved 1048576K
GC Heap History (20 events):
Event: 29.580 GC heap before
{Heap before GC invocations=25 (full 3):
 def new generation   total 34240K, used 3574K [0x00000006ffe00000, 0x0000000702320000, 0x0000000755400000)
  eden space 30464K,   0% used [0x00000006ffe00000, 0x00000006ffe00000, 0x0000000701bc0000)
  from space 3776K,  94% used [0x0000000701bc0000, 0x0000000701f3da68, 0x0000000701f70000)
  to   space 3776K,   0% used [0x0000000701f70000, 0x0000000701f70000, 0x0000000702320000)
 tenured generation   total 79788K, used 79649K [0x0000000755400000, 0x000000075a1eb000, 0x0000000800000000)
   the space 79788K,  99% used [0x0000000755400000, 0x000000075a1c87e8, 0x000000075a1c8800, 0x000000075a1eb000)
 Metaspace       used 13605K, capacity 13999K, committed 14080K, reserved 1060864K
  class space    used 1622K, capacity 1766K, committed 1792K, reserved 1048576K
}
Event: 29.891 GC heap after
{Heap after GC invocations=25 (full 4):
 def new generation   total 55360K, used 0K [0x00000006ffe00000, 0x0000000703a10000, 0x0000000755400000)
  eden space 49216K,   0% used [0x00000006ffe00000, 0x00000006ffe00000, 0x0000000702e10000)
  from space 6144K,   0% used [0x0000000702e10000, 0x0000000702e10000, 0x0000000703410000)
  to   space 6144K,   0% used [0x0000000703410000, 0x0000000703410000, 0x0000000703a10000)
 tenured generation   total 122920K, used 73751K [0x0000000755400000, 0x000000075cc0a000, 0x0000000800000000)
   the space 122920K,  59% used [0x0000000755400000, 0x0000000759c05ec0, 0x0000000759c06000, 0x000000075cc0a000)
 Metaspace       used 13605K, capacity 13999K, committed 14080K, reserved 1060864K
  class space    used 1622K, capacity 1766K, committed 1792K, reserved 1048576K
}
Event: 31.654 GC heap before
{Heap before GC invocations=25 (full 4):
 def new generation   total 55360K, used 49216K [0x00000006ffe00000, 0x0000000703a10000, 0x0000000755400000)
  eden space 49216K, 100% used [0x00000006ffe00000, 0x0000000702e10000, 0x0000000702e10000)
  from space 6144K,   0% used [0x0000000702e10000, 0x0000000702e10000, 0x0000000703410000)
  to   space 6144K,   0% used [0x0000000703410000, 0x0000000703410000, 0x0000000703a10000)
 tenured generation   total 122920K, used 73751K [0x0000000755400000, 0x000000075cc0a000, 0x0000000800000000)
   the space 122920K,  59% used [0x0000000755400000, 0x0000000759c05ec0, 0x0000000759c06000, 0x000000075cc0a000)
 Metaspace       used 14035K, capacity 14487K, committed 14720K, reserved 1062912K
  class space    used 1659K, capacity 1810K, committed 1920K, reserved 1048576K
}
Event: 31.716 GC heap after
{Heap after GC invocations=26 (full 4):
 def new generation   total 55360K, used 6144K [0x00000006ffe00000, 0x0000000703a10000, 0x0000000755400000)
  eden space 49216K,   0% used [0x00000006ffe00000, 0x00000006ffe00000, 0x0000000702e10000)
  from space 6144K, 100% used [0x0000000703410000, 0x0000000703a10000, 0x0000000703a10000)
  to   space 6144K,   0% used [0x0000000702e10000, 0x0000000702e10000, 0x0000000703410000)
 tenured generation   total 122920K, used 80329K [0x0000000755400000, 0x000000075cc0a000, 0x0000000800000000)
   the space 122920K,  65% used [0x0000000755400000, 0x000000075a272718, 0x000000075a272800, 0x000000075cc0a000)
 Metaspace       used 14035K, capacity 14487K, committed 14720K, reserved 1062912K
  class space    used 1659K, capacity 1810K, committed 1920K, reserved 1048576K
}
Event: 43.246 GC heap before
{Heap before GC invocations=26 (full 4):
 def new generation   total 55360K, used 55360K [0x00000006ffe00000, 0x0000000703a10000, 0x0000000755400000)
  eden space 49216K, 100% used [0x00000006ffe00000, 0x0000000702e10000, 0x0000000702e10000)
  from space 6144K, 100% used [0x0000000703410000, 0x0000000703a10000, 0x0000000703a10000)
  to   space 6144K,   0% used [0x0000000702e10000, 0x0000000702e10000, 0x0000000703410000)
 tenured generation   total 122920K, used 80329K [0x0000000755400000, 0x000000075cc0a000, 0x0000000800000000)
   the space 122920K,  65% used [0x0000000755400000, 0x000000075a272718, 0x000000075a272800, 0x000000075cc0a000)
 Metaspace       used 14090K, capacity 14517K, committed 14720K, reserved 1062912K
  class space    used 1661K, capacity 1815K, committed 1920K, reserved 1048576K
}
Event: 43.629 GC heap after
{Heap after GC invocations=27 (full 4):
 def new generation   total 55360K, used 6144K [0x00000006ffe00000, 0x0000000703a10000, 0x0000000755400000)
  eden space 49216K,   0% used [0x00000006ffe00000, 0x00000006ffe00000, 0x0000000702e10000)
  from space 6144K, 100% used [0x0000000702e10000, 0x0000000703410000, 0x0000000703410000)
  to   space 6144K,   0% used [0x0000000703410000, 0x0000000703410000, 0x0000000703a10000)
 tenured generation   total 126952K, used 126931K [0x0000000755400000, 0x000000075cffa000, 0x0000000800000000)
   the space 126952K,  99% used [0x0000000755400000, 0x000000075cff4ee8, 0x000000075cff5000, 0x000000075cffa000)
 Metaspace       used 14090K, capacity 14517K, committed 14720K, reserved 1062912K
  class space    used 1661K, capacity 1815K, committed 1920K, reserved 1048576K
}
Event: 43.629 GC heap before
{Heap before GC invocations=27 (full 4):
 def new generation   total 55360K, used 6144K [0x00000006ffe00000, 0x0000000703a10000, 0x0000000755400000)
  eden space 49216K,   0% used [0x00000006ffe00000, 0x00000006ffe00000, 0x0000000702e10000)
  from space 6144K, 100% used [0x0000000702e10000, 0x0000000703410000, 0x0000000703410000)
  to   space 6144K,   0% used [0x0000000703410000, 0x0000000703410000, 0x0000000703a10000)
 tenured generation   total 126952K, used 126931K [0x0000000755400000, 0x000000075cffa000, 0x0000000800000000)
   the space 126952K,  99% used [0x0000000755400000, 0x000000075cff4ee8, 0x000000075cff5000, 0x000000075cffa000)
 Metaspace       used 14090K, capacity 14517K, committed 14720K, reserved 1062912K
  class space    used 1661K, capacity 1815K, committed 1920K, reserved 1048576K
}
Event: 44.121 GC heap after
{Heap after GC invocations=27 (full 5):
 def new generation   total 95296K, used 6123K [0x00000006ffe00000, 0x0000000706560000, 0x0000000755400000)
  eden space 84736K,   7% used [0x00000006ffe00000, 0x00000007003faf28, 0x00000007050c0000)
  from space 10560K,   0% used [0x00000007050c0000, 0x00000007050c0000, 0x0000000705b10000)
  to   space 10560K,   0% used [0x0000000705b10000, 0x0000000705b10000, 0x0000000706560000)
 tenured generation   total 211588K, used 126951K [0x0000000755400000, 0x00000007622a1000, 0x0000000800000000)
   the space 211588K,  59% used [0x0000000755400000, 0x000000075cff9fc0, 0x000000075cffa000, 0x00000007622a1000)
 Metaspace       used 14090K, capacity 14517K, committed 14720K, reserved 1062912K
  class space    used 1661K, capacity 1815K, committed 1920K, reserved 1048576K
}
Event: 45.598 GC heap before
{Heap before GC invocations=27 (full 5):
 def new generation   total 95296K, used 84736K [0x00000006ffe00000, 0x0000000706560000, 0x0000000755400000)
  eden space 84736K, 100% used [0x00000006ffe00000, 0x00000007050c0000, 0x00000007050c0000)
  from space 10560K,   0% used [0x00000007050c0000, 0x00000007050c0000, 0x0000000705b10000)
  to   space 10560K,   0% used [0x0000000705b10000, 0x0000000705b10000, 0x0000000706560000)
 tenured generation   total 211588K, used 126951K [0x0000000755400000, 0x00000007622a1000, 0x0000000800000000)
   the space 211588K,  59% used [0x0000000755400000, 0x000000075cff9fc0, 0x000000075cffa000, 0x00000007622a1000)
 Metaspace       used 14225K, capacity 14734K, committed 14976K, reserved 1062912K
  class space    used 1681K, capacity 1841K, committed 1920K, reserved 1048576K
}
Event: 46.125 GC heap after
{Heap after GC invocations=28 (full 5):
 def new generation   total 95296K, used 10560K [0x00000006ffe00000, 0x0000000706560000, 0x0000000755400000)
  eden space 84736K,   0% used [0x00000006ffe00000, 0x00000006ffe00000, 0x00000007050c0000)
  from space 10560K, 100% used [0x0000000705b10000, 0x0000000706560000, 0x0000000706560000)
  to   space 10560K,   0% used [0x00000007050c0000, 0x00000007050c0000, 0x0000000705b10000)
 tenured generation   total 211588K, used 198262K [0x0000000755400000, 0x00000007622a1000, 0x0000000800000000)
   the space 211588K,  93% used [0x0000000755400000, 0x000000076159db48, 0x000000076159dc00, 0x00000007622a1000)
 Metaspace       used 14225K, capacity 14734K, committed 14976K, reserved 1062912K
  class space    used 1681K, capacity 1841K, committed 1920K, reserved 1048576K
}
Event: 46.314 GC heap before
{Heap before GC invocations=28 (full 5):
 def new generation   total 95296K, used 95296K [0x00000006ffe00000, 0x0000000706560000, 0x0000000755400000)
  eden space 84736K, 100% used [0x00000006ffe00000, 0x00000007050c0000, 0x00000007050c0000)
  from space 10560K, 100% used [0x0000000705b10000, 0x0000000706560000, 0x0000000706560000)
  to   space 10560K,   0% used [0x00000007050c0000, 0x00000007050c0000, 0x0000000705b10000)
 tenured generation   total 211588K, used 198262K [0x0000000755400000, 0x00000007622a1000, 0x0000000800000000)
   the space 211588K,  93% used [0x0000000755400000, 0x000000076159db48, 0x000000076159dc00, 0x00000007622a1000)
 Metaspace       used 14233K, capacity 14734K, committed 14976K, reserved 1062912K
  class space    used 1681K, capacity 1841K, committed 1920K, reserved 1048576K
}
Event: 46.720 GC heap after
{Heap after GC invocations=29 (full 5):
 def new generation   total 95296K, used 10560K [0x00000006ffe00000, 0x0000000706560000, 0x0000000755400000)
  eden space 84736K,   0% used [0x00000006ffe00000, 0x00000006ffe00000, 0x00000007050c0000)
  from space 10560K, 100% used [0x00000007050c0000, 0x0000000705b10000, 0x0000000705b10000)
  to   space 10560K,   0% used [0x0000000705b10000, 0x0000000705b10000, 0x0000000706560000)
 tenured generation   total 281668K, used 281524K [0x0000000755400000, 0x0000000766711000, 0x0000000800000000)
   the space 281668K,  99% used [0x0000000755400000, 0x00000007666ed340, 0x00000007666ed400, 0x0000000766711000)
 Metaspace       used 14233K, capacity 14734K, committed 14976K, reserved 1062912K
  class space    used 1681K, capacity 1841K, committed 1920K, reserved 1048576K
}
Event: 46.720 GC heap before
{Heap before GC invocations=29 (full 5):
 def new generation   total 95296K, used 10560K [0x00000006ffe00000, 0x0000000706560000, 0x0000000755400000)
  eden space 84736K,   0% used [0x00000006ffe00000, 0x00000006ffe00000, 0x00000007050c0000)
  from space 10560K, 100% used [0x00000007050c0000, 0x0000000705b10000, 0x0000000705b10000)
  to   space 10560K,   0% used [0x0000000705b10000, 0x0000000705b10000, 0x0000000706560000)
 tenured generation   total 281668K, used 281524K [0x0000000755400000, 0x0000000766711000, 0x0000000800000000)
   the space 281668K,  99% used [0x0000000755400000, 0x00000007666ed340, 0x00000007666ed400, 0x0000000766711000)
 Metaspace       used 14233K, capacity 14734K, committed 14976K, reserved 1062912K
  class space    used 1681K, capacity 1841K, committed 1920K, reserved 1048576K
}
Event: 47.659 GC heap after
{Heap after GC invocations=29 (full 6):
 def new generation   total 211328K, used 10432K [0x00000006ffe00000, 0x000000070e340000, 0x0000000755400000)
  eden space 187904K,   5% used [0x00000006ffe00000, 0x00000007008301a8, 0x000000070b580000)
  from space 23424K,   0% used [0x000000070b580000, 0x000000070b580000, 0x000000070cc60000)
  to   space 23424K,   0% used [0x000000070cc60000, 0x000000070cc60000, 0x000000070e340000)
 tenured generation   total 469424K, used 281652K [0x0000000755400000, 0x0000000771e6c000, 0x0000000800000000)
   the space 469424K,  59% used [0x0000000755400000, 0x000000076670d198, 0x000000076670d200, 0x0000000771e6c000)
 Metaspace       used 14233K, capacity 14734K, committed 14976K, reserved 1062912K
  class space    used 1681K, capacity 1841K, committed 1920K, reserved 1048576K
}
Event: 49.558 GC heap before
{Heap before GC invocations=29 (full 6):
 def new generation   total 211328K, used 187904K [0x00000006ffe00000, 0x000000070e340000, 0x0000000755400000)
  eden space 187904K, 100% used [0x00000006ffe00000, 0x000000070b580000, 0x000000070b580000)
  from space 23424K,   0% used [0x000000070b580000, 0x000000070b580000, 0x000000070cc60000)
  to   space 23424K,   0% used [0x000000070cc60000, 0x000000070cc60000, 0x000000070e340000)
 tenured generation   total 469424K, used 281652K [0x0000000755400000, 0x0000000771e6c000, 0x0000000800000000)
   the space 469424K,  59% used [0x0000000755400000, 0x000000076670d198, 0x000000076670d200, 0x0000000771e6c000)
 Metaspace       used 14594K, capacity 15022K, committed 15232K, reserved 1062912K
  class space    used 1727K, capacity 1873K, committed 1920K, reserved 1048576K
}
Event: 50.847 GC heap after
{Heap after GC invocations=30 (full 6):
 def new generation   total 211328K, used 23423K [0x00000006ffe00000, 0x000000070e340000, 0x0000000755400000)
  eden space 187904K,   0% used [0x00000006ffe00000, 0x00000006ffe00000, 0x000000070b580000)
  from space 23424K,  99% used [0x000000070cc60000, 0x000000070e33fff8, 0x000000070e340000)
  to   space 23424K,   0% used [0x000000070b580000, 0x000000070b580000, 0x000000070cc60000)
 tenured generation   total 469424K, used 435213K [0x0000000755400000, 0x0000000771e6c000, 0x0000000800000000)
   the space 469424K,  92% used [0x0000000755400000, 0x000000076fd037b8, 0x000000076fd03800, 0x0000000771e6c000)
 Metaspace       used 14594K, capacity 15022K, committed 15232K, reserved 1062912K
  class space    used 1727K, capacity 1873K, committed 1920K, reserved 1048576K
}
Event: 15188.923 GC heap before
{Heap before GC invocations=30 (full 6):
 def new generation   total 211328K, used 211327K [0x00000006ffe00000, 0x000000070e340000, 0x0000000755400000)
  eden space 187904K, 100% used [0x00000006ffe00000, 0x000000070b580000, 0x000000070b580000)
  from space 23424K,  99% used [0x000000070cc60000, 0x000000070e33fff8, 0x000000070e340000)
  to   space 23424K,   0% used [0x000000070b580000, 0x000000070b580000, 0x000000070cc60000)
 tenured generation   total 469424K, used 435213K [0x0000000755400000, 0x0000000771e6c000, 0x0000000800000000)
   the space 469424K,  92% used [0x0000000755400000, 0x000000076fd037b8, 0x000000076fd03800, 0x0000000771e6c000)
 Metaspace       used 16870K, capacity 17440K, committed 17664K, reserved 1064960K
  class space    used 2032K, capacity 2218K, committed 2304K, reserved 1048576K
}
Event: 15189.256 GC heap after
{Heap after GC invocations=31 (full 6):
 def new generation   total 211328K, used 23424K [0x00000006ffe00000, 0x000000070e340000, 0x0000000755400000)
  eden space 187904K,   0% used [0x00000006ffe00000, 0x00000006ffe00000, 0x000000070b580000)
  from space 23424K, 100% used [0x000000070b580000, 0x000000070cc60000, 0x000000070cc60000)
  to   space 23424K,   0% used [0x000000070cc60000, 0x000000070cc60000, 0x000000070e340000)
 tenured generation   total 482096K, used 482056K [0x0000000755400000, 0x0000000772acc000, 0x0000000800000000)
   the space 482096K,  99% used [0x0000000755400000, 0x0000000772ac21c8, 0x0000000772ac2200, 0x0000000772acc000)
 Metaspace       used 16870K, capacity 17440K, committed 17664K, reserved 1064960K
  class space    used 2032K, capacity 2218K, committed 2304K, reserved 1048576K
}
Event: 15189.256 GC heap before
{Heap before GC invocations=31 (full 6):
 def new generation   total 211328K, used 23424K [0x00000006ffe00000, 0x000000070e340000, 0x0000000755400000)
  eden space 187904K,   0% used [0x00000006ffe00000, 0x00000006ffe00000, 0x000000070b580000)
  from space 23424K, 100% used [0x000000070b580000, 0x000000070cc60000, 0x000000070cc60000)
  to   space 23424K,   0% used [0x000000070cc60000, 0x000000070cc60000, 0x000000070e340000)
 tenured generation   total 482096K, used 482056K [0x0000000755400000, 0x0000000772acc000, 0x0000000800000000)
   the space 482096K,  99% used [0x0000000755400000, 0x0000000772ac21c8, 0x0000000772ac2200, 0x0000000772acc000)
 Metaspace       used 16870K, capacity 17440K, committed 17664K, reserved 1064960K
  class space    used 2032K, capacity 2218K, committed 2304K, reserved 1048576K
}
Event: 15191.170 GC heap after
{Heap after GC invocations=31 (full 7):
 def new generation   total 211328K, used 0K [0x00000006ffe00000, 0x000000070e340000, 0x0000000755400000)
  eden space 187904K,   0% used [0x00000006ffe00000, 0x00000006ffe00000, 0x000000070b580000)
  from space 23424K,   0% used [0x000000070b580000, 0x000000070b580000, 0x000000070cc60000)
  to   space 23424K,   0% used [0x000000070cc60000, 0x000000070cc60000, 0x000000070e340000)
 tenured generation   total 802692K, used 481615K [0x0000000755400000, 0x00000007863e1000, 0x0000000800000000)
   the space 802692K,  59% used [0x0000000755400000, 0x0000000772a53c90, 0x0000000772a53e00, 0x00000007863e1000)
 Metaspace       used 16630K, capacity 17067K, committed 17664K, reserved 1064960K
  class space    used 1967K, capacity 2095K, committed 2304K, reserved 1048576K
}

